<?xml version="1.0" encoding="UTF-8"?>
<testng-results ignored="0" total="1" passed="1" failed="0" skipped="0">
  <reporter-output>
  </reporter-output>
  <suite started-at="2023-06-09T22:17:37 IST" name="Default suite" finished-at="2023-06-09T22:18:18 IST" duration-ms="40749">
    <groups>
    </groups>
    <test started-at="2023-06-09T22:17:37 IST" name="Default test" finished-at="2023-06-09T22:18:18 IST" duration-ms="40749">
      <class name="myntra.test_userstories1">
        <test-method is-config="true" signature="beforeclass()[pri:0, instance:myntra.test_userstories1@368f2016]" started-at="2023-06-09T22:17:37 IST" name="beforeclass" finished-at="2023-06-09T22:17:45 IST" duration-ms="7724" status="PASS">
          <reporter-output>
          </reporter-output>
        </test-method> <!-- beforeclass -->
        <test-method is-config="true" signature="beforemethod()[pri:0, instance:myntra.test_userstories1@368f2016]" started-at="2023-06-09T22:17:45 IST" name="beforemethod" finished-at="2023-06-09T22:17:45 IST" duration-ms="125" status="PASS">
          <reporter-output>
          </reporter-output>
        </test-method> <!-- beforemethod -->
        <test-method signature="verify_user_can_login_successfully()[pri:0, instance:myntra.test_userstories1@368f2016]" started-at="2023-06-09T22:17:45 IST" name="verify_user_can_login_successfully" finished-at="2023-06-09T22:18:18 IST" duration-ms="32677" status="PASS">
          <reporter-output>
          </reporter-output>
        </test-method> <!-- verify_user_can_login_successfully -->
        <test-method is-config="true" signature="aftermethod()[pri:0, instance:myntra.test_userstories1@368f2016]" started-at="2023-06-09T22:18:18 IST" name="aftermethod" finished-at="2023-06-09T22:18:18 IST" duration-ms="0" status="PASS">
          <reporter-output>
          </reporter-output>
        </test-method> <!-- aftermethod -->
        <test-method is-config="true" signature="afterclass()[pri:0, instance:myntra.test_userstories1@368f2016]" started-at="2023-06-09T22:18:18 IST" name="afterclass" finished-at="2023-06-09T22:18:18 IST" duration-ms="1" status="PASS">
          <reporter-output>
          </reporter-output>
        </test-method> <!-- afterclass -->
      </class> <!-- myntra.test_userstories1 -->
    </test> <!-- Default test -->
  </suite> <!-- Default suite -->
</testng-results>
